<?xml version="1.0" encoding="UTF-8" ?>
<testsuite tests="4" failures="0" name="org.fastframework.util.TimeUtilTest" time="0.68" errors="0" skipped="0">
  <properties>
[...]
</properties>
  <testcase classname="org.fastframework.util.TimeUtilTest" name="testParseLocalDateTimeByUsingDefaultFormatter" time="0.641"/>
  <testcase classname="org.fastframework.util.TimeUtilTest" name="testParseLocalDateTimeByUsingTimeFormat" time="0.001"/>
  <testcase classname="org.fastframework.util.TimeUtilTest" name="testParseSpecificTimeStringByUsingDefaultPattern" time="0.038"/>
  <testcase classname="org.fastframework.util.TimeUtilTest" name="testParseSpecificTimeStringUsingTimeFormat" time="0"/>
</testsuite>